<?xml version="1.0" encoding="UTF-8"?>
<!-- Generated by org.testng.reporters.JUnitReportReporter -->
<testsuite hostname="Shahnawaz-PC" name="GridExample" tests="1" failures="0" timestamp="22 Oct 2016 06:16:27 GMT" time="10.460" errors="0">
  <testcase name="setup" time="10.460" classname="GridExample"/>
</testsuite> <!-- GridExample -->
