<?xml version="1.0" encoding="UTF-8"?>
<!-- Generated by org.testng.reporters.JUnitReportReporter -->
<testsuite hostname="Shahnawaz-PC" name="TestNGLearning" tests="2" failures="0" timestamp="22 Sep 2016 16:07:34 GMT" time="37.760" errors="0">
  <testcase name="Method1" time="37.478" classname="TestNGLearning"/>
  <testcase name="Method2" time="0.282" classname="TestNGLearning"/>
</testsuite> <!-- TestNGLearning -->
