<?xml version="1.0" encoding="UTF-8"?>
<!-- Generated by org.testng.reporters.JUnitReportReporter -->
<testsuite hostname="Shahnawaz-PC" name="TestNGLearn" tests="2" failures="0" timestamp="8 Oct 2016 18:08:25 GMT" time="0.016" errors="0">
  <testcase name="TestMethod1" time="0.016" classname="TestNGLearn"/>
  <testcase name="TestMethod2" time="0.000" classname="TestNGLearn"/>
</testsuite> <!-- TestNGLearn -->
